<?xml version="1.0" encoding="UTF-8"?>
<!-- Generated by org.testng.reporters.JUnitXMLReporter -->
<testsuite ignored="4" hostname="INPUNSHAGANDHI" failures="0" tests="2" name="Test" time="9.729" errors="0" timestamp="2024-05-02T19:29:43 IST">
  <testcase classname="TestCases.SignUpPageTest" name="verifyButtonPresent" time="3.874"/>
  <testcase classname="TestCases.SignUpPageTest" name="verifySignUp" time="5.778"/>
  <testcase classname="TestCases.LogoutTest" name="verifyUserLogout" time="0.0">
    <ignored/>
  </testcase> <!-- verifyUserLogout -->
  <testcase classname="TestCases.LoginPageTest" name="verifySignUpLoginLink" time="0.0">
    <ignored/>
  </testcase> <!-- verifySignUpLoginLink -->
  <testcase classname="TestCases.LoginPageTest" name="verifyLoginButton" time="0.0">
    <ignored/>
  </testcase> <!-- verifyLoginButton -->
  <testcase classname="TestCases.LoginPageTest" name="verifyLogin" time="0.0">
    <ignored/>
  </testcase> <!-- verifyLogin -->
</testsuite> <!-- Test -->
