<?xml version="1.0" encoding="UTF-8"?>
<!-- Generated by org.testng.reporters.JUnitXMLReporter -->
<testsuite ignored="0" hostname="INPUNSHAGANDHI" failures="6" tests="6" name="Test" time="42.256" errors="0" timestamp="2024-05-02T16:28:38 IST">
  <testcase classname="TestCases.LoginPageTest" name="verifySignUpLoginLink" time="3.854">
    <failure type="java.lang.NullPointerException" message="Cannot invoke &amp;quot;utils.BasePage.takeScreenshot(String)&amp;quot; because &amp;quot;this.basePage&amp;quot; is null">
      <![CDATA[java.lang.NullPointerException: Cannot invoke "utils.BasePage.takeScreenshot(String)" because "this.basePage" is null
at TestCases.LoginPageTest.verifySignUpLoginLink(LoginPageTest.java:48)
at java.base/java.util.ArrayList.forEach(ArrayList.java:1511)
... Removed 31 stack frames]]>
    </failure>
  </testcase> <!-- verifySignUpLoginLink -->
  <testcase classname="TestCases.LoginPageTest" name="verifyLoginButton" time="5.175">
    <failure type="java.lang.NullPointerException" message="Cannot invoke &amp;quot;utils.BasePage.takeScreenshot(String)&amp;quot; because &amp;quot;this.basePage&amp;quot; is null">
      <![CDATA[java.lang.NullPointerException: Cannot invoke "utils.BasePage.takeScreenshot(String)" because "this.basePage" is null
at TestCases.LoginPageTest.verifyLoginButton(LoginPageTest.java:65)
at java.base/java.util.ArrayList.forEach(ArrayList.java:1511)
... Removed 31 stack frames]]>
    </failure>
  </testcase> <!-- verifyLoginButton -->
  <testcase classname="TestCases.LoginPageTest" name="verifyLogin" time="0.405">
    <failure type="java.lang.NullPointerException" message="Cannot invoke &amp;quot;utils.BasePage.takeScreenshot(String)&amp;quot; because &amp;quot;this.basePage&amp;quot; is null">
      <![CDATA[java.lang.NullPointerException: Cannot invoke "utils.BasePage.takeScreenshot(String)" because "this.basePage" is null
at TestCases.LoginPageTest.verifyLogin(LoginPageTest.java:80)
at java.base/java.util.ArrayList.forEach(ArrayList.java:1511)
... Removed 31 stack frames]]>
    </failure>
  </testcase> <!-- verifyLogin -->
  <testcase classname="TestCases.LogoutTest" name="verifyUserLogout" time="10.454">
    <failure type="java.lang.NullPointerException" message="Cannot invoke &amp;quot;utils.BasePage.takeScreenshot(String)&amp;quot; because &amp;quot;this.basePage&amp;quot; is null">
      <![CDATA[java.lang.NullPointerException: Cannot invoke "utils.BasePage.takeScreenshot(String)" because "this.basePage" is null
at TestCases.LogoutTest.verifyUserLogout(LogoutTest.java:51)
at java.base/java.util.ArrayList.forEach(ArrayList.java:1511)
... Removed 31 stack frames]]>
    </failure>
  </testcase> <!-- verifyUserLogout -->
  <testcase classname="TestCases.SignUpPageTest" name="verifyButtonPresent" time="4.006">
    <failure type="java.lang.NullPointerException" message="Cannot invoke &amp;quot;utils.BasePage.takeScreenshot(String)&amp;quot; because &amp;quot;this.basePage&amp;quot; is null">
      <![CDATA[java.lang.NullPointerException: Cannot invoke "utils.BasePage.takeScreenshot(String)" because "this.basePage" is null
at TestCases.SignUpPageTest.verifyButtonPresent(SignUpPageTest.java:55)
at java.base/java.util.ArrayList.forEach(ArrayList.java:1511)
... Removed 31 stack frames]]>
    </failure>
  </testcase> <!-- verifyButtonPresent -->
  <testcase classname="TestCases.SignUpPageTest" name="verifySignUp" time="5.723">
    <failure type="java.lang.NullPointerException" message="Cannot invoke &amp;quot;utils.BasePage.takeScreenshot(String)&amp;quot; because &amp;quot;this.basePage&amp;quot; is null">
      <![CDATA[java.lang.NullPointerException: Cannot invoke "utils.BasePage.takeScreenshot(String)" because "this.basePage" is null
at TestCases.SignUpPageTest.verifySignUp(SignUpPageTest.java:89)
at java.base/java.util.ArrayList.forEach(ArrayList.java:1511)
... Removed 31 stack frames]]>
    </failure>
  </testcase> <!-- verifySignUp -->
</testsuite> <!-- Test -->
