<?xml version="1.0" encoding="UTF-8"?>
<!-- Generated by org.testng.reporters.JUnitXMLReporter -->
<testsuite ignored="0" hostname="INPUNSHAGANDHI" failures="2" tests="6" name="Test" time="50.387" errors="0" timestamp="2024-05-02T15:38:09 IST">
  <testcase classname="TestCases.LoginPageTest" name="verifySignUpLoginLink" time="3.933"/>
  <testcase classname="TestCases.LoginPageTest" name="verifyLoginButton" time="5.132"/>
  <testcase classname="TestCases.LoginPageTest" name="verifyLogin" time="5.342"/>
  <testcase classname="TestCases.LogoutTest" name="verifyUserLogout" time="15.14"/>
  <testcase classname="TestCases.SignUpPageTest" name="verifyButtonPresent" time="3.862">
    <failure type="java.lang.NullPointerException" message="Cannot invoke &amp;quot;utils.BasePage.takeScreenshot(String)&amp;quot; because &amp;quot;this.basePage&amp;quot; is null">
      <![CDATA[java.lang.NullPointerException: Cannot invoke "utils.BasePage.takeScreenshot(String)" because "this.basePage" is null
at TestCases.SignUpPageTest.verifyButtonPresent(SignUpPageTest.java:47)
at java.base/java.util.ArrayList.forEach(ArrayList.java:1511)
... Removed 31 stack frames]]>
    </failure>
  </testcase> <!-- verifyButtonPresent -->
  <testcase classname="TestCases.SignUpPageTest" name="verifySignUp" time="5.711">
    <failure type="java.lang.NullPointerException" message="Cannot invoke &amp;quot;utils.BasePage.takeScreenshot(String)&amp;quot; because &amp;quot;this.basePage&amp;quot; is null">
      <![CDATA[java.lang.NullPointerException: Cannot invoke "utils.BasePage.takeScreenshot(String)" because "this.basePage" is null
at TestCases.SignUpPageTest.verifySignUp(SignUpPageTest.java:77)
at java.base/java.util.ArrayList.forEach(ArrayList.java:1511)
... Removed 31 stack frames]]>
    </failure>
  </testcase> <!-- verifySignUp -->
</testsuite> <!-- Test -->
