<?xml version="1.0" encoding="UTF-8"?>
<testng-results ignored="0" total="1" passed="1" failed="0" skipped="0">
  <reporter-output>
  </reporter-output>
  <suite started-at="2024-05-02T15:23:50 IST" name="Default suite" finished-at="2024-05-02T15:24:10 IST" duration-ms="20306">
    <groups>
      <group name="logout">
        <method signature="LogoutTest.verifyUserLogout()[pri:1, instance:TestCases.LogoutTest@6989da5e]" name="verifyUserLogout" class="TestCases.LogoutTest"/>
      </group> <!-- logout -->
    </groups>
    <test started-at="2024-05-02T15:23:50 IST" name="Default test" finished-at="2024-05-02T15:24:10 IST" duration-ms="20306">
      <class name="TestCases.LogoutTest">
        <test-method is-config="true" signature="setUp()[pri:0, instance:TestCases.LogoutTest@6989da5e]" started-at="2024-05-02T15:23:50 IST" name="setUp" finished-at="2024-05-02T15:23:54 IST" duration-ms="3721" status="PASS">
          <reporter-output>
          </reporter-output>
        </test-method> <!-- setUp -->
        <test-method signature="verifyUserLogout()[pri:1, instance:TestCases.LogoutTest@6989da5e]" started-at="2024-05-02T15:23:54 IST" name="verifyUserLogout" finished-at="2024-05-02T15:24:10 IST" duration-ms="16060" status="PASS">
          <reporter-output>
          </reporter-output>
        </test-method> <!-- verifyUserLogout -->
        <test-method is-config="true" signature="tearDown()[pri:0, instance:TestCases.LogoutTest@6989da5e]" started-at="2024-05-02T15:24:10 IST" name="tearDown" finished-at="2024-05-02T15:24:10 IST" duration-ms="455" status="PASS">
          <reporter-output>
          </reporter-output>
        </test-method> <!-- tearDown -->
      </class> <!-- TestCases.LogoutTest -->
    </test> <!-- Default test -->
  </suite> <!-- Default suite -->
</testng-results>
