<?xml version="1.0" encoding="UTF-8"?>
<testng-results ignored="4" total="6" passed="2" failed="0" skipped="0">
  <reporter-output>
  </reporter-output>
  <suite started-at="2024-05-02T19:29:33 IST" name="Suite" finished-at="2024-05-02T19:29:43 IST" duration-ms="9729">
    <groups>
      <group name="signup">
        <method signature="SignUpPageTest.verifyButtonPresent()[pri:1, instance:TestCases.SignUpPageTest@77a98a6a]" name="verifyButtonPresent" class="TestCases.SignUpPageTest"/>
        <method signature="SignUpPageTest.verifySignUp()[pri:2, instance:TestCases.SignUpPageTest@77a98a6a]" name="verifySignUp" class="TestCases.SignUpPageTest"/>
      </group> <!-- signup -->
    </groups>
    <test started-at="2024-05-02T19:29:33 IST" name="Test" finished-at="2024-05-02T19:29:43 IST" duration-ms="9729">
      <class name="TestCases.SignUpPageTest">
        <test-method signature="verifyButtonPresent()[pri:1, instance:TestCases.SignUpPageTest@77a98a6a]" started-at="2024-05-02T19:29:33 IST" name="verifyButtonPresent" finished-at="2024-05-02T19:29:37 IST" duration-ms="3874" status="PASS">
          <reporter-output>
          </reporter-output>
        </test-method> <!-- verifyButtonPresent -->
        <test-method signature="verifySignUp()[pri:2, instance:TestCases.SignUpPageTest@77a98a6a]" started-at="2024-05-02T19:29:37 IST" name="verifySignUp" finished-at="2024-05-02T19:29:43 IST" duration-ms="5778" status="PASS">
          <reporter-output>
          </reporter-output>
        </test-method> <!-- verifySignUp -->
      </class> <!-- TestCases.SignUpPageTest -->
    </test> <!-- Test -->
  </suite> <!-- Suite -->
</testng-results>
